<?xml version="1.0" encoding="UTF-8"?>
<!-- Generated by org.testng.reporters.JUnitXMLReporter -->
<testsuite hostname="DESKTOP-UOSJI6I" ignored="3" name="Default test" tests="4" failures="0" timestamp="2021-08-17T20:53:42 IST" time="39.802" errors="0">
  <testcase name="checkingOutTest" time="5.894" classname="testcases.HomepageTest"/>
  <testcase name="checkingOutTest" time="5.881" classname="testcases.HomepageTest"/>
  <testcase name="checkingOutTest" time="5.796" classname="testcases.HomepageTest"/>
  <testcase name="checkingOutTest" time="5.706" classname="testcases.HomepageTest"/>
  <testcase name="logoutTest" time="0.0" classname="testcases.HomepageTest">
    <ignored/>
  </testcase> <!-- logoutTest -->
  <testcase name="validatingHomepageTitleTest" time="0.0" classname="testcases.HomepageTest">
    <ignored/>
  </testcase> <!-- validatingHomepageTitleTest -->
  <testcase name="navigateToMainWebsiteTest" time="0.0" classname="testcases.HomepageTest">
    <ignored/>
  </testcase> <!-- navigateToMainWebsiteTest -->
</testsuite> <!-- Default test -->
