<?xml version="1.0" encoding="UTF-8" ?>
<testsuite tests="12" failures="1" name="TestSuite" time="72.688" errors="0" skipped="1">
  <properties>
[...]
</properties>
  <testcase classname="testcases.HomepageTest" name="checkingOutTest" time="5.959"/>
  <testcase classname="testcases.HomepageTest" name="checkingOutTest" time="5.765"/>
  <testcase classname="testcases.HomepageTest" name="checkingOutTest" time="5.819"/>
  <testcase classname="testcases.HomepageTest" name="checkingOutTest" time="5.708"/>
  <testcase classname="testcases.HomepageTest" name="logoutTest" time="4.267"/>
  <testcase classname="testcases.HomepageTest" name="navigateToMainWebsiteTest" time="22.927"/>
  <testcase classname="testcases.HomepageTest" name="validatingHomepageTitleTest" time="0.031"/>
  <testcase classname="testcases.LoginTest" name="logintoWebsiteTest" time="3.307"/>
  <testcase classname="testcases.LoginTest" name="verifyingLoginTitleTest" time="0.012"/>
  <testcase classname="testcases.SauceLabsMainWebsiteTest" name="VerifingSauceTitleTest" time="0.014">
    <failure message="Title did not match expected [Cross Browser Testing, Selenium Testing, Mobile Testing | Sauce Lab] but found [Cross Browser Testing, Selenium Testing, Mobile Testing | Sauce Labs]" type="java.lang.AssertionError">java.lang.AssertionError: Title did not match expected [Cross Browser Testing, Selenium Testing, Mobile Testing | Sauce Lab] but found [Cross Browser Testing, Selenium Testing, Mobile Testing | Sauce Labs]
	at org.testng.Assert.fail(Assert.java:99)
	at org.testng.Assert.failNotEquals(Assert.java:1037)
	at org.testng.Assert.assertEqualsImpl(Assert.java:140)
	at org.testng.Assert.assertEquals(Assert.java:122)
	at org.testng.Assert.assertEquals(Assert.java:629)
	at testcases.SauceLabsMainWebsiteTest.VerifingSauceTitleTest(SauceLabsMainWebsiteTest.java:38)
</failure>
    <system-err>Starting ChromeDriver 92.0.4515.107 (87a818b10553a07434ea9e2b6dccf3cbe7895134-refs/branch-heads/4515@{#1634}) on port 48408
Only local connections are allowed.
Please see https://chromedriver.chromium.org/security-considerations for suggestions on keeping ChromeDriver safe.
ChromeDriver was started successfully.
Jul 30, 2021 12:15:00 PM org.openqa.selenium.remote.ProtocolHandshake createSession
INFO: Detected dialect: W3C
</system-err>
  </testcase>
  <testcase classname="testcases.SauceLabsMainWebsiteTest" name="navigateToReadMorePageTest" time="11.963">
    <skipped/>
    <system-err>Starting ChromeDriver 92.0.4515.107 (87a818b10553a07434ea9e2b6dccf3cbe7895134-refs/branch-heads/4515@{#1634}) on port 41989
Only local connections are allowed.
Please see https://chromedriver.chromium.org/security-considerations for suggestions on keeping ChromeDriver safe.
ChromeDriver was started successfully.
Jul 30, 2021 12:15:15 PM org.openqa.selenium.remote.ProtocolHandshake createSession
INFO: Detected dialect: W3C
</system-err>
  </testcase>
  <testcase classname="testcases.SauceLabsMainWebsiteTest" name="navigateToPricingTest" time="6.916"/>
</testsuite>