<?xml version="1.0" encoding="UTF-8"?>
<testng-results skipped="0" failed="0" ignored="3" total="7" passed="4">
  <reporter-output>
  </reporter-output>
  <suite name="Default suite" duration-ms="39802" started-at="2021-08-17T20:53:03 IST" finished-at="2021-08-17T20:53:42 IST">
    <groups>
    </groups>
    <test name="Default test" duration-ms="39802" started-at="2021-08-17T20:53:03 IST" finished-at="2021-08-17T20:53:42 IST">
      <class name="testcases.HomepageTest">
        <test-method status="PASS" signature="setup()[pri:0, instance:testcases.HomepageTest@3d921e20]" name="setup" is-config="true" duration-ms="4221" started-at="2021-08-17T20:53:04 IST" finished-at="2021-08-17T20:53:08 IST">
          <reporter-output>
          </reporter-output>
        </test-method> <!-- setup -->
        <test-method status="PASS" signature="checkingOutTest(java.lang.String,java.lang.String,java.lang.String)[pri:0, instance:testcases.HomepageTest@3d921e20]" name="checkingOutTest" duration-ms="5894" started-at="2021-08-17T20:53:08 IST" data-provider="getCheckoutTestData" finished-at="2021-08-17T20:53:14 IST">
          <params>
            <param index="0">
              <value>
                <![CDATA[John]]>
              </value>
            </param>
            <param index="1">
              <value>
                <![CDATA[Doe]]>
              </value>
            </param>
            <param index="2">
              <value>
                <![CDATA[200123.0]]>
              </value>
            </param>
          </params>
          <reporter-output>
          </reporter-output>
        </test-method> <!-- checkingOutTest -->
        <test-method status="PASS" signature="setupClose()[pri:0, instance:testcases.HomepageTest@3d921e20]" name="setupClose" is-config="true" duration-ms="248" started-at="2021-08-17T20:53:14 IST" finished-at="2021-08-17T20:53:14 IST">
          <reporter-output>
          </reporter-output>
        </test-method> <!-- setupClose -->
        <test-method status="PASS" signature="setup()[pri:0, instance:testcases.HomepageTest@3d921e20]" name="setup" is-config="true" duration-ms="3242" started-at="2021-08-17T20:53:14 IST" finished-at="2021-08-17T20:53:18 IST">
          <reporter-output>
          </reporter-output>
        </test-method> <!-- setup -->
        <test-method status="PASS" signature="checkingOutTest(java.lang.String,java.lang.String,java.lang.String)[pri:0, instance:testcases.HomepageTest@3d921e20]" name="checkingOutTest" duration-ms="5881" started-at="2021-08-17T20:53:18 IST" data-provider="getCheckoutTestData" finished-at="2021-08-17T20:53:24 IST">
          <params>
            <param index="0">
              <value>
                <![CDATA[Jane]]>
              </value>
            </param>
            <param index="1">
              <value>
                <![CDATA[Doe]]>
              </value>
            </param>
            <param index="2">
              <value>
                <![CDATA[200124.0]]>
              </value>
            </param>
          </params>
          <reporter-output>
          </reporter-output>
        </test-method> <!-- checkingOutTest -->
        <test-method status="PASS" signature="setupClose()[pri:0, instance:testcases.HomepageTest@3d921e20]" name="setupClose" is-config="true" duration-ms="182" started-at="2021-08-17T20:53:24 IST" finished-at="2021-08-17T20:53:24 IST">
          <reporter-output>
          </reporter-output>
        </test-method> <!-- setupClose -->
        <test-method status="PASS" signature="setup()[pri:0, instance:testcases.HomepageTest@3d921e20]" name="setup" is-config="true" duration-ms="3255" started-at="2021-08-17T20:53:24 IST" finished-at="2021-08-17T20:53:27 IST">
          <reporter-output>
          </reporter-output>
        </test-method> <!-- setup -->
        <test-method status="PASS" signature="checkingOutTest(java.lang.String,java.lang.String,java.lang.String)[pri:0, instance:testcases.HomepageTest@3d921e20]" name="checkingOutTest" duration-ms="5796" started-at="2021-08-17T20:53:27 IST" data-provider="getCheckoutTestData" finished-at="2021-08-17T20:53:33 IST">
          <params>
            <param index="0">
              <value>
                <![CDATA[Layla ]]>
              </value>
            </param>
            <param index="1">
              <value>
                <![CDATA[Manju]]>
              </value>
            </param>
            <param index="2">
              <value>
                <![CDATA[100213.0]]>
              </value>
            </param>
          </params>
          <reporter-output>
          </reporter-output>
        </test-method> <!-- checkingOutTest -->
        <test-method status="PASS" signature="setupClose()[pri:0, instance:testcases.HomepageTest@3d921e20]" name="setupClose" is-config="true" duration-ms="185" started-at="2021-08-17T20:53:33 IST" finished-at="2021-08-17T20:53:33 IST">
          <reporter-output>
          </reporter-output>
        </test-method> <!-- setupClose -->
        <test-method status="PASS" signature="setup()[pri:0, instance:testcases.HomepageTest@3d921e20]" name="setup" is-config="true" duration-ms="3556" started-at="2021-08-17T20:53:33 IST" finished-at="2021-08-17T20:53:36 IST">
          <reporter-output>
          </reporter-output>
        </test-method> <!-- setup -->
        <test-method status="PASS" signature="checkingOutTest(java.lang.String,java.lang.String,java.lang.String)[pri:0, instance:testcases.HomepageTest@3d921e20]" name="checkingOutTest" duration-ms="5706" started-at="2021-08-17T20:53:36 IST" data-provider="getCheckoutTestData" finished-at="2021-08-17T20:53:42 IST">
          <params>
            <param index="0">
              <value>
                <![CDATA[Romeo]]>
              </value>
            </param>
            <param index="1">
              <value>
                <![CDATA[Juliet]]>
              </value>
            </param>
            <param index="2">
              <value>
                <![CDATA[100567.0]]>
              </value>
            </param>
          </params>
          <reporter-output>
          </reporter-output>
        </test-method> <!-- checkingOutTest -->
        <test-method status="PASS" signature="setupClose()[pri:0, instance:testcases.HomepageTest@3d921e20]" name="setupClose" is-config="true" duration-ms="164" started-at="2021-08-17T20:53:42 IST" finished-at="2021-08-17T20:53:42 IST">
          <reporter-output>
          </reporter-output>
        </test-method> <!-- setupClose -->
      </class> <!-- testcases.HomepageTest -->
    </test> <!-- Default test -->
  </suite> <!-- Default suite -->
</testng-results>
